d:\game-projects\socket_dll_example\src\xsocket\debug\xsocket.pch
d:\game-projects\socket_dll_example\src\xsocket\debug\vc142.pdb
d:\game-projects\socket_dll_example\src\xsocket\debug\vc142.idb
d:\game-projects\socket_dll_example\src\xsocket\debug\pch.obj
d:\game-projects\socket_dll_example\src\xsocket\debug\xtcp.obj
d:\game-projects\socket_dll_example\src\xsocket\debug\xsocket.obj
d:\game-projects\socket_dll_example\src\xsocket\debug\dllmain.obj
f:\myprojects\socket_dll_example\src\xsocket\debug\dllmain.obj
f:\myprojects\socket_dll_example\src\xsocket\debug\pch.obj
f:\myprojects\socket_dll_example\src\xsocket\debug\xsocket.obj
f:\myprojects\socket_dll_example\src\xsocket\debug\tcpserver.ilk
f:\myprojects\socket_dll_example\src\xsocket\debug\xsocket.pch
f:\myprojects\socket_dll_example\src\xsocket\debug\xsocket.exp
f:\myprojects\socket_dll_example\src\xsocket\debug\vc142.idb
f:\myprojects\socket_dll_example\src\xsocket\debug\tcpserver.pdb
f:\myprojects\socket_dll_example\src\xsocket\debug\vc142.pdb
f:\myprojects\socket_dll_example\src\xsocket\debug\xsocket.pdb
f:\myprojects\socket_dll_example\src\xsocket\debug\xsocket.tlog\cl.command.1.tlog
f:\myprojects\socket_dll_example\src\xsocket\debug\xsocket.tlog\cl.read.1.tlog
f:\myprojects\socket_dll_example\src\xsocket\debug\xsocket.tlog\cl.write.1.tlog
f:\myprojects\socket_dll_example\src\xsocket\debug\xsocket.tlog\link-cvtres.read.1.tlog
f:\myprojects\socket_dll_example\src\xsocket\debug\xsocket.tlog\link-cvtres.write.1.tlog
f:\myprojects\socket_dll_example\src\xsocket\debug\xsocket.tlog\link-rc.read.1.tlog
f:\myprojects\socket_dll_example\src\xsocket\debug\xsocket.tlog\link-rc.write.1.tlog
f:\myprojects\socket_dll_example\src\xsocket\debug\xsocket.tlog\link.command.1.tlog
f:\myprojects\socket_dll_example\src\xsocket\debug\xsocket.tlog\link.read.1.tlog
f:\myprojects\socket_dll_example\src\xsocket\debug\xsocket.tlog\link.write.1.tlog
